<?xml version="1.0" encoding="UTF-8"?>
<testng-results skipped="0" failed="0" total="1" passed="1">
  <reporter-output>
  </reporter-output>
  <suite name="Default suite" duration-ms="39" started-at="2019-04-03T03:04:33Z" finished-at="2019-04-03T03:04:33Z">
    <groups>
    </groups>
    <test name="Default test" duration-ms="39" started-at="2019-04-03T03:04:33Z" finished-at="2019-04-03T03:04:33Z">
      <class name="sample.Sample">
        <test-method status="PASS" signature="sample()[pri:0, instance:sample.Sample@2096442d]" name="sample" duration-ms="20" started-at="2019-04-03T08:34:33Z" finished-at="2019-04-03T08:34:33Z">
          <reporter-output>
          </reporter-output>
        </test-method> <!-- sample -->
      </class> <!-- sample.Sample -->
    </test> <!-- Default test -->
  </suite> <!-- Default suite -->
</testng-results>
