<?xml version="1.0" encoding="UTF-8"?>
<!-- Generated by org.testng.reporters.JUnitXMLReporter -->
<testsuite hostname="DESKTOP-P52D93K" name="Test" tests="4" failures="0" timestamp="10 Apr 2019 18:36:13 GMT" time="0.176" errors="0">
  <testcase name="sample1" time="0.034" classname="sample.Sample"/>
  <testcase name="sample2" time="0.008" classname="sample.Sample"/>
  <testcase name="sample1" time="0.003" classname="sample.Sample2"/>
  <testcase name="sample2" time="0.002" classname="sample.Sample2"/>
</testsuite> <!-- Test -->
